C:\Users\shubham\Desktop\ProcMon\Debug\ProcMon.pdb
C:\Users\shubham\Desktop\ProcMon\ProcMon\Debug\cl.command.1.tlog
C:\Users\shubham\Desktop\ProcMon\ProcMon\Debug\CL.read.1.tlog
C:\Users\shubham\Desktop\ProcMon\ProcMon\Debug\CL.write.1.tlog
C:\Users\shubham\Desktop\ProcMon\ProcMon\Debug\link.command.1.tlog
C:\Users\shubham\Desktop\ProcMon\ProcMon\Debug\link.read.1.tlog
C:\Users\shubham\Desktop\ProcMon\ProcMon\Debug\link.write.1.tlog
C:\Users\shubham\Desktop\ProcMon\ProcMon\Debug\link-cvtres.read.1.tlog
C:\Users\shubham\Desktop\ProcMon\ProcMon\Debug\link-cvtres.write.1.tlog
C:\USERS\SHUBHAM\DESKTOP\PROCMON\PROCMON\DEBUG\MAINFILE.OBJ
C:\Users\shubham\Desktop\ProcMon\ProcMon\Debug\ProcMon.exe.embed.manifest
C:\USERS\SHUBHAM\DESKTOP\PROCMON\PROCMON\DEBUG\PROCMON.EXE.EMBED.MANIFEST.RES
C:\Users\shubham\Desktop\ProcMon\ProcMon\Debug\ProcMon.exe.intermediate.manifest
C:\Users\shubham\Desktop\ProcMon\ProcMon\Debug\ProcMon.write.1.tlog
C:\Users\shubham\Desktop\ProcMon\ProcMon\Debug\ProcMon_manifest.rc
C:\Users\shubham\Desktop\ProcMon\ProcMon\Debug\rc.command.1.tlog
C:\Users\shubham\Desktop\ProcMon\ProcMon\Debug\rc.read.1.tlog
C:\Users\shubham\Desktop\ProcMon\ProcMon\Debug\rc.write.1.tlog
C:\Users\shubham\Desktop\ProcMon\ProcMon\Debug\vc100.idb
C:\USERS\SHUBHAM\DESKTOP\PROCMON\PROCMON\DEBUG\VC100.PDB
